starting build

**********************************************************************

Test build
build xv6 using make

**********************************************************************
Trying to build project using make
make xv6.img fs.img
make: 'xv6.img' is up to date.
make: 'fs.img' is up to date.


test build PASSED
 (build xv6 using make)

starting test_17

**********************************************************************

Test test_17
Fork: Same maps exist in both parent and multiple childs

**********************************************************************
Running xv6 user progam /home/dwang/private/cs537/p5_clone/tests/ctests/test_17.c
DEBUG: Copying header file to project path
Trying to build project using make
make xv6.img fs.img
/tmp/tmp74t96zv1/p/Makefile
/tmp/tmp74t96zv1/p/Makefile.test
make: 'xv6.img' is up to date.
gcc -fno-pic -static -fno-builtin -fno-strict-aliasing -O2 -Wall -MD -ggdb -m32 -Werror -fno-omit-frame-pointer -fno-stack-protector -fno-pie -no-pie   -c -o test_16.o test_16.c
ld -m    elf_i386 -N -e main -Ttext 0 -o _test_16 test_16.o ulib.o usys.o printf.o umalloc.o
objdump -S _test_16 > test_16.asm
objdump -t _test_16 | sed '1,/SYMBOL TABLE/d; s/ .* / /; /^$/d' > test_16.sym
./mkfs fs.img README _cat _echo _forktest _grep _init _kill _ln _ls _mkdir _rm _sh _stressfs _usertests _wc _zombie _test_16 
nmeta 59 (boot, super, log blocks 30 inode blocks 26, bitmap blocks 1) blocks 941 total 1000
balloc: first 702 blocks have been allocated
balloc: write bitmap block at sector 58
make qemu-nox CPUS=1
gcc -fno-pic -static -fno-builtin -fno-strict-aliasing -O2 -Wall -MD -ggdb -m32 -Werror -fno-omit-frame-pointer -fno-stack-protector -fno-pie -no-pie   -c -o tester.o tester.c
ld -m    elf_i386 -N -e main -Ttext 0 -o _tester tester.o ulib.o usys.o printf.o umalloc.o
objdump -S _tester > tester.asm
objdump -t _tester | sed '1,/SYMBOL TABLE/d; s/ .* / /; /^$/d' > tester.sym
./mkfs fs.img README _cat _echo _forktest _grep _init _kill _ln _ls _tester _mkdir _rm _sh _stressfs _usertests _wc _zombie _test_16 
nmeta 59 (boot, super, log blocks 30 inode blocks 26, bitmap blocks 1) blocks 941 total 1000
balloc: first 755 blocks have been allocated
balloc: write bitmap block at sector 58
qemu-system-i386 -nographic -drive file=fs.img,index=1,media=disk,format=raw -drive file=xv6.img,index=0,media=disk,format=raw -smp 1 -m 512 
c[?7l[2J[0mSeaBIOS (version 1.15.0-1)


iPXE (https://ipxe.org) 00:03.0 CA00 PCI2.10 PnP PMM+1FF8B4A0+1FECB4A0 CA00
Press Ctrl-B to configure iPXE (PCI 00:03.0)...                                                                               


Booting from Hard Disk..xv6...
cpu0: starting 0
sb: size 1000 nblocks 941 ninodes 200 nlog 30 logstart 2 inodestart 32 bmap start 58
init: starting sh
$ tester
tester


TEST_17
INFO: Initially 0 maps. 	Okay.
INFO: 113
INFO: 114
INFO: 115
INFO: Created file big.txt with length 12288 bytes. 	Okay.
INFO: Placed map 1 at 0x60000000 with length 12288. 	Okay.
INFO: Placed map 2 at 0x60004000 with length 12388. 	Okay.
[0;31mERROR: [0mtotal_mmaps =[0;31mERROR: [ 00mtotal_mmaps = 0[0;31mERROR: , expected 2.
, expected 2.
[

[0;30mtotal_mmap[0;31mFAIL:[01mFAIL:[0m TEST_17	 FAILs = [0;31mERROR: [0mtm TEED (pid 5)

0,otalS exp_mmaps = 0, expected 2.
[0;T_17ected 2.

31mERROR: [0mtotal_mmaps = 0	 FA[0;31mFAI, expected 2.

IL:[0m TEST_17	 FAILED (Lpid 6)


[0[0;31mFAIL:[0m T;EST_17	 FA[0;331mFAIL:[0m TILED (1mERROR: [0mtoESTpid 8)
tal_mmaps =[0;31mERROR: _17	 FAIL
 [0mtotalE0, ex_mmaps = 0,[0D (pid 7) ex;31mERROR:
p [0mt
pected 2.oe
tal_m[0;31mERROR:[0;31mcted 2.


E[0;31mFAIL:[0m TRROR: [0mtotaED (pid 4)
EST_17	 FAILED (pi[0;31mFAIL:maps d 9)
[0m TEST_17	 FAILED = 0, expected 2.
 [l_mmaps = 0, ex(pid 10)


pec[0;310mtotal_mmaps = 0ted 2.


mFAIL:[0, ex
[0pected 2.

;31mFAIL:[0m TEST_17	 FAILED (pid 13)

m TEST_17	 FAILED (pid 11)

[0;31mFAIL:[0m TEST_17	 FAILED (pid 12)

INFO: Map 1 and 2 exist in Parent (pid 3). 	Okay.
[0;32mSUCCESS:[0m TEST_17	 PASSED

$ 
Cleaning up after failure
Trying to clean project using make clean
make clean
rm -f *.tex *.dvi *.idx *.aux *.log *.ind *.ilg \
*.o *.d *.asm *.sym vectors.S bootblock entryother \
initcode initcode.out kernel xv6.img fs.img kernelmemfs \
xv6memfs.img mkfs .gdbinit \
_cat _echo _forktest _grep _init _kill _ln _ls _mkdir _rm _sh _stressfs _usertests _wc _zombie _test_16 


test test_17 FAILED (0 of 1)
 (Fork: Same maps exist in both parent and multiple childs)
 tester failed

Skipped 0 tests.
To keep testing after failing a test, use flag '-c' or '--continue'
